<?xml version="1.0" encoding="UTF-8"?>
<!-- Generated by org.testng.reporters.JUnitXMLReporter -->
<testsuite hostname="DESKTOP-592H2OD" ignored="0" name="Test" tests="5" failures="0" timestamp="26 May 2021 15:17:26 GMT" time="29.553" errors="0">
  <testcase name="url_hit" time="13.323" classname="E2EProject.Login_TestScripts"/>
  <testcase name="url_hit" time="9.003" classname="E2EProject.Login_TestScripts"/>
  <testcase name="Header" time="0.568" classname="E2EProject.Landing_Page_TestScripts"/>
  <testcase name="HeaderLinks_Click" time="1.179" classname="E2EProject.Landing_Page_TestScripts"/>
  <testcase name="validate" time="0.593" classname="E2EProject.Landing_Page_TestScripts"/>
</testsuite> <!-- Test -->
