<?xml version="1.0" encoding="UTF-8"?>
<testng-results skipped="0" failed="0" ignored="0" total="3" passed="3">
  <reporter-output>
  </reporter-output>
  <suite name="Default suite" duration-ms="19052" started-at="2021-05-25T17:51:57Z" finished-at="2021-05-25T17:52:16Z">
    <groups>
    </groups>
    <test name="Default test" duration-ms="19052" started-at="2021-05-25T17:51:57Z" finished-at="2021-05-25T17:52:16Z">
      <class name="E2EProject.ValidateTitle">
        <test-method status="PASS" signature="initialize()[pri:0, instance:E2EProject.ValidateTitle@4b29d1d2]" name="initialize" is-config="true" duration-ms="17172" started-at="2021-05-25T17:51:57Z" finished-at="2021-05-25T17:52:14Z">
          <reporter-output>
          </reporter-output>
        </test-method> <!-- initialize -->
        <test-method status="PASS" signature="Header()[pri:0, instance:E2EProject.ValidateTitle@4b29d1d2]" name="Header" duration-ms="589" started-at="2021-05-25T17:52:14Z" finished-at="2021-05-25T17:52:15Z">
          <reporter-output>
          </reporter-output>
        </test-method> <!-- Header -->
        <test-method status="PASS" signature="HeaderLinks_Click()[pri:0, instance:E2EProject.ValidateTitle@4b29d1d2]" name="HeaderLinks_Click" duration-ms="671" started-at="2021-05-25T17:52:15Z" finished-at="2021-05-25T17:52:16Z">
          <reporter-output>
          </reporter-output>
        </test-method> <!-- HeaderLinks_Click -->
        <test-method status="PASS" signature="validate()[pri:0, instance:E2EProject.ValidateTitle@4b29d1d2]" name="validate" duration-ms="583" started-at="2021-05-25T17:52:16Z" finished-at="2021-05-25T17:52:16Z">
          <reporter-output>
          </reporter-output>
        </test-method> <!-- validate -->
        <test-method status="PASS" signature="close_browser()[pri:0, instance:E2EProject.ValidateTitle@4b29d1d2]" name="close_browser" is-config="true" duration-ms="50" started-at="2021-05-25T17:52:16Z" finished-at="2021-05-25T17:52:16Z">
          <reporter-output>
          </reporter-output>
        </test-method> <!-- close_browser -->
      </class> <!-- E2EProject.ValidateTitle -->
    </test> <!-- Default test -->
  </suite> <!-- Default suite -->
</testng-results>
