<?xml version="1.0" encoding="UTF-8"?>
<testng-results skipped="0" failed="1" ignored="0" total="3" passed="2">
  <reporter-output>
  </reporter-output>
  <suite name="Default suite" duration-ms="9670" started-at="2021-05-24T17:18:51Z" finished-at="2021-05-24T17:19:00Z">
    <groups>
    </groups>
    <test name="Default test" duration-ms="9670" started-at="2021-05-24T17:18:51Z" finished-at="2021-05-24T17:19:00Z">
      <class name="E2EProject.ValidateTitle">
        <test-method status="PASS" signature="initialize()[pri:0, instance:E2EProject.ValidateTitle@4b29d1d2]" name="initialize" is-config="true" duration-ms="7901" started-at="2021-05-24T17:18:51Z" finished-at="2021-05-24T17:18:59Z">
          <reporter-output>
          </reporter-output>
        </test-method> <!-- initialize -->
        <test-method status="PASS" signature="Header()[pri:0, instance:E2EProject.ValidateTitle@4b29d1d2]" name="Header" duration-ms="1225" started-at="2021-05-24T17:18:59Z" finished-at="2021-05-24T17:19:00Z">
          <reporter-output>
          </reporter-output>
        </test-method> <!-- Header -->
        <test-method status="FAIL" signature="HeaderLinks()[pri:0, instance:E2EProject.ValidateTitle@4b29d1d2]" name="HeaderLinks" duration-ms="26" started-at="2021-05-24T17:19:00Z" finished-at="2021-05-24T17:19:00Z">
          <exception class="java.lang.ClassCastException">
            <message>
              <![CDATA[org.openqa.selenium.By$ByTagName cannot be cast to org.openqa.selenium.SearchContext]]>
            </message>
            <full-stacktrace>
              <![CDATA[java.lang.ClassCastException: org.openqa.selenium.By$ByTagName cannot be cast to org.openqa.selenium.SearchContext
at pageObjects.LandingPage.Header_links_Count(LandingPage.java:47)
at E2EProject.ValidateTitle.HeaderLinks(ValidateTitle.java:70)
at sun.reflect.NativeMethodAccessorImpl.invoke0(Native Method)
at sun.reflect.NativeMethodAccessorImpl.invoke(Unknown Source)
at sun.reflect.DelegatingMethodAccessorImpl.invoke(Unknown Source)
at java.lang.reflect.Method.invoke(Unknown Source)
at org.testng.internal.MethodInvocationHelper.invokeMethod(MethodInvocationHelper.java:124)
at org.testng.internal.Invoker.invokeMethod(Invoker.java:583)
at org.testng.internal.Invoker.invokeTestMethod(Invoker.java:719)
at org.testng.internal.Invoker.invokeTestMethods(Invoker.java:989)
at org.testng.internal.TestMethodWorker.invokeTestMethods(TestMethodWorker.java:125)
at org.testng.internal.TestMethodWorker.run(TestMethodWorker.java:109)
at org.testng.TestRunner.privateRun(TestRunner.java:648)
at org.testng.TestRunner.run(TestRunner.java:505)
at org.testng.SuiteRunner.runTest(SuiteRunner.java:455)
at org.testng.SuiteRunner.runSequentially(SuiteRunner.java:450)
at org.testng.SuiteRunner.privateRun(SuiteRunner.java:415)
at org.testng.SuiteRunner.run(SuiteRunner.java:364)
at org.testng.SuiteRunnerWorker.runSuite(SuiteRunnerWorker.java:52)
at org.testng.SuiteRunnerWorker.run(SuiteRunnerWorker.java:84)
at org.testng.TestNG.runSuitesSequentially(TestNG.java:1208)
at org.testng.TestNG.runSuitesLocally(TestNG.java:1137)
at org.testng.TestNG.runSuites(TestNG.java:1049)
at org.testng.TestNG.run(TestNG.java:1017)
at org.testng.remote.AbstractRemoteTestNG.run(AbstractRemoteTestNG.java:115)
at org.testng.remote.RemoteTestNG.initAndRun(RemoteTestNG.java:251)
at org.testng.remote.RemoteTestNG.main(RemoteTestNG.java:77)
]]>
            </full-stacktrace>
          </exception> <!-- java.lang.ClassCastException -->
          <reporter-output>
          </reporter-output>
        </test-method> <!-- HeaderLinks -->
        <test-method status="PASS" signature="validate()[pri:0, instance:E2EProject.ValidateTitle@4b29d1d2]" name="validate" duration-ms="475" started-at="2021-05-24T17:19:00Z" finished-at="2021-05-24T17:19:00Z">
          <reporter-output>
          </reporter-output>
        </test-method> <!-- validate -->
        <test-method status="PASS" signature="close_browser()[pri:0, instance:E2EProject.ValidateTitle@4b29d1d2]" name="close_browser" is-config="true" duration-ms="145" started-at="2021-05-24T17:19:00Z" finished-at="2021-05-24T17:19:01Z">
          <reporter-output>
          </reporter-output>
        </test-method> <!-- close_browser -->
      </class> <!-- E2EProject.ValidateTitle -->
    </test> <!-- Default test -->
  </suite> <!-- Default suite -->
</testng-results>
